app/build/outputs/logs/manifest-merger-debug-report.txt
-- Merging decision tree log ---
manifest
ADDED from src/main/AndroidManifest.xml:2:1-34:12
	package
		ADDED from src/main/AndroidManifest.xml:3:2-23
		INJECTED from src/main/AndroidManifest.xml
		INJECTED from src/main/AndroidManifest.xml
	android:versionName
		ADDED from src/main/AndroidManifest.xml:3:48-73
		INJECTED from src/main/AndroidManifest.xml
		INJECTED from src/main/AndroidManifest.xml
	android:versionCode
		ADDED from src/main/AndroidManifest.xml:3:24-47
		INJECTED from src/main/AndroidManifest.xml
		INJECTED from src/main/AndroidManifest.xml
	xmlns:android
		ADDED from src/main/AndroidManifest.xml:2:11-69
application
ADDED from src/main/AndroidManifest.xml:4:2-27:16
	android:label
		ADDED from src/main/AndroidManifest.xml:4:45-77
	android:icon
		ADDED from src/main/AndroidManifest.xml:4:15-44
activity#com.example.MainActivity
ADDED from src/main/AndroidManifest.xml:5:3-10:14
	android:label
		ADDED from src/main/AndroidManifest.xml:5:42-74
	android:name
		ADDED from src/main/AndroidManifest.xml:5:13-41
intent-filter#android.intent.action.MAIN+android.intent.category.LAUNCHER
ADDED from src/main/AndroidManifest.xml:6:4-9:20
action#android.intent.action.MAIN
ADDED from src/main/AndroidManifest.xml:7:5-57
	android:name
		ADDED from src/main/AndroidManifest.xml:7:13-54
category#android.intent.category.LAUNCHER
ADDED from src/main/AndroidManifest.xml:8:5-65
	android:name
		ADDED from src/main/AndroidManifest.xml:8:15-62
activity#com.example.WriteMessageActivity
ADDED from src/main/AndroidManifest.xml:11:3-12:14
	android:label
		ADDED from src/main/AndroidManifest.xml:11:50-70
	android:name
		ADDED from src/main/AndroidManifest.xml:11:13-49
activity#com.example.MessagePhoneActivity
ADDED from src/main/AndroidManifest.xml:13:3-14:14
	android:name
		ADDED from src/main/AndroidManifest.xml:13:13-49
activity#com.example.MessageContextActivity
ADDED from src/main/AndroidManifest.xml:15:3-16:14
	android:name
		ADDED from src/main/AndroidManifest.xml:15:13-51
activity#com.example.MessageSettingActivity
ADDED from src/main/AndroidManifest.xml:17:3-18:14
	android:name
		ADDED from src/main/AndroidManifest.xml:17:13-51
activity#com.example.QQMessageActivity
ADDED from src/main/AndroidManifest.xml:19:3-21:14
	android:label
		ADDED from src/main/AndroidManifest.xml:20:13-34
	android:name
		ADDED from src/main/AndroidManifest.xml:19:13-46
receiver#com.example.SMSReceiver
ADDED from src/main/AndroidManifest.xml:22:3-26:14
	android:name
		ADDED from src/main/AndroidManifest.xml:22:13-40
intent-filter#android.provider.Telephony.SMS_RECEIVED
ADDED from src/main/AndroidManifest.xml:23:4-25:20
action#android.provider.Telephony.SMS_RECEIVED
ADDED from src/main/AndroidManifest.xml:24:5-70
	android:name
		ADDED from src/main/AndroidManifest.xml:24:13-67
uses-sdk
ADDED from src/main/AndroidManifest.xml:28:2-40
	android:targetSdkVersion
		INJECTED from src/main/AndroidManifest.xml
		INJECTED from src/main/AndroidManifest.xml
	android:minSdkVersion
		ADDED from src/main/AndroidManifest.xml:28:12-37
		INJECTED from src/main/AndroidManifest.xml
		INJECTED from src/main/AndroidManifest.xml
uses-permission#android.permission.SEND_SMS
ADDED from src/main/AndroidManifest.xml:29:2-64
	android:name
		ADDED from src/main/AndroidManifest.xml:29:19-61
uses-permission#android.permission.RECEIVE_SMS
ADDED from src/main/AndroidManifest.xml:30:2-67
	android:name
		ADDED from src/main/AndroidManifest.xml:30:19-64
uses-permission#android.permission.READ_CONTACTS
ADDED from src/main/AndroidManifest.xml:31:2-69
	android:name
		ADDED from src/main/AndroidManifest.xml:31:19-66
uses-permission#android.permission.CALL_PHONE
ADDED from src/main/AndroidManifest.xml:32:2-66
	android:name
		ADDED from src/main/AndroidManifest.xml:32:19-63
user-permission
ADDED from src/main/AndroidManifest.xml:33:2-71
	android:name
		ADDED from src/main/AndroidManifest.xml:33:19-68